#
# There is insufficient memory for the Java Runtime Environment to continue.
# Native memory allocation (malloc) failed to allocate 64576 bytes for Chunk::new
# Possible reasons:
#   The system is out of physical RAM or swap space
#   The process is running with CompressedOops enabled, and the Java Heap may be blocking the growth of the native heap
# Possible solutions:
#   Reduce memory load on the system
#   Increase physical memory or swap space
#   Check if swap backing store is full
#   Decrease Java heap size (-Xmx/-Xms)
#   Decrease number of Java threads
#   Decrease Java thread stack sizes (-Xss)
#   Set larger code cache with -XX:ReservedCodeCacheSize=
#   JVM is running with Unscaled Compressed Oops mode in which the Java heap is
#     placed in the first 4GB address space. The Java Heap base address is the
#     maximum limit for the native heap growth. Please use -XX:HeapBaseMinAddress
#     to set the Java Heap base and to place the Java Heap above 4GB virtual address.
# This output file may be truncated or incomplete.
#
#  Out of Memory Error (arena.cpp:189), pid=15340, tid=2240
#
# JRE version: OpenJDK Runtime Environment Temurin-17.0.4.1+1 (17.0.4.1+1) (build 17.0.4.1+1)
# Java VM: OpenJDK 64-Bit Server VM Temurin-17.0.4.1+1 (17.0.4.1+1, mixed mode, emulated-client, tiered, compressed oops, compressed class ptrs, g1 gc, windows-amd64)
# No core dump will be written. Minidumps are not enabled by default on client versions of Windows
#

---------------  S U M M A R Y ------------

Command Line: -Dcom.sun.management.jmxremote -Dcom.sun.management.jmxremote.port=49505 -Dcom.sun.management.jmxremote.authenticate=false -Dcom.sun.management.jmxremote.ssl=false -Djava.rmi.server.hostname=localhost -Dspring.jmx.enabled=true -Dspring.application.admin.enabled=true -XX:TieredStopAtLevel=1 -Dspring.boot.project.name=fleetapp -Dfile.encoding=UTF-8 -XX:+ShowCodeDetailsInExceptionMessages com.kindsonthegenius.fleetapp.FleetappApplication --spring.output.ansi.enabled=always

Host: Intel(R) Core(TM) i5-8265U CPU @ 1.60GHz, 8 cores, 7G,  Windows 11 , 64 bit Build 22000 (10.0.22000.708)
Time: Fri Oct  7 19:28:57 2022 India Standard Time elapsed time: 0.561209 seconds (0d 0h 0m 0s)

---------------  T H R E A D  ---------------

Current thread (0x0000011c6feeeb30):  JavaThread "main" [_thread_in_vm, id=2240, stack(0x00000009beb00000,0x00000009bec00000)]

Stack: [0x00000009beb00000,0x00000009bec00000]
Native frames: (J=compiled Java code, j=interpreted, Vv=VM code, C=native code)
V  [jvm.dll+0x67731a]
V  [jvm.dll+0x832284]
V  [jvm.dll+0x833a2e]
V  [jvm.dll+0x834093]
V  [jvm.dll+0x245775]
V  [jvm.dll+0xabd7b]
V  [jvm.dll+0xac30c]
V  [jvm.dll+0x1f253a]
V  [jvm.dll+0x1f1182]
V  [jvm.dll+0x7ac56b]
V  [jvm.dll+0x7ad912]
V  [jvm.dll+0x7adc48]
V  [jvm.dll+0x23db7e]
V  [jvm.dll+0x3810ae]
C  0x0000011c735bed0d

Java frames: (J=compiled Java code, j=interpreted, Vv=VM code)
j  javax.management.openmbean.SimpleType.<clinit>()V+124 java.management@17.0.4.1
v  ~StubRoutines::call_stub
j  com.sun.jmx.mbeanserver.DefaultMXBeanMappingFactory.<clinit>()V+39 java.management@17.0.4.1
v  ~StubRoutines::call_stub
j  com.sun.jmx.mbeanserver.MXBeanMappingFactory.<clinit>()V+0 java.management@17.0.4.1
v  ~StubRoutines::call_stub
j  com.sun.jmx.mbeanserver.ConvertingMethod.<init>(Ljava/lang/reflect/Method;)V+9 java.management@17.0.4.1
j  com.sun.jmx.mbeanserver.ConvertingMethod.from(Ljava/lang/reflect/Method;)Lcom/sun/jmx/mbeanserver/ConvertingMethod;+5 java.management@17.0.4.1
j  com.sun.jmx.mbeanserver.MXBeanIntrospector.mFrom(Ljava/lang/reflect/Method;)Lcom/sun/jmx/mbeanserver/ConvertingMethod;+1 java.management@17.0.4.1
j  com.sun.jmx.mbeanserver.MXBeanIntrospector.mFrom(Ljava/lang/reflect/Method;)Ljava/lang/Object;+2 java.management@17.0.4.1
j  com.sun.jmx.mbeanserver.MBeanAnalyzer.initMaps(Ljava/lang/Class;Lcom/sun/jmx/mbeanserver/MBeanIntrospector;)V+61 java.management@17.0.4.1
j  com.sun.jmx.mbeanserver.MBeanAnalyzer.<init>(Ljava/lang/Class;Lcom/sun/jmx/mbeanserver/MBeanIntrospector;)V+78 java.management@17.0.4.1
j  com.sun.jmx.mbeanserver.MBeanAnalyzer.analyzer(Ljava/lang/Class;Lcom/sun/jmx/mbeanserver/MBeanIntrospector;)Lcom/sun/jmx/mbeanserver/MBeanAnalyzer;+6 java.management@17.0.4.1
j  com.sun.jmx.mbeanserver.MXBeanIntrospector.getAnalyzer(Ljava/lang/Class;)Lcom/sun/jmx/mbeanserver/MBeanAnalyzer;+2 java.management@17.0.4.1
j  com.sun.jmx.mbeanserver.MBeanIntrospector.getPerInterface(Ljava/lang/Class;)Lcom/sun/jmx/mbeanserver/PerInterface;+45 java.management@17.0.4.1
j  com.sun.jmx.mbeanserver.MBeanSupport.<init>(Ljava/lang/Object;Ljava/lang/Class;)V+69 java.management@17.0.4.1
j  com.sun.jmx.mbeanserver.MXBeanSupport.<init>(Ljava/lang/Object;Ljava/lang/Class;)V+3 java.management@17.0.4.1
j  javax.management.StandardMBean.construct(Ljava/lang/Object;Ljava/lang/Class;ZZ)V+56 java.management@17.0.4.1
j  javax.management.StandardMBean.<init>(Ljava/lang/Object;Ljava/lang/Class;Z)V+9 java.management@17.0.4.1
j  java.lang.management.ManagementFactory.lambda$addMXBean$7(Ljava/lang/Object;Ljavax/management/MBeanServer;Ljavax/management/ObjectName;)Ljava/lang/Void;+53 java.management@17.0.4.1
j  java.lang.management.ManagementFactory$$Lambda$19+0x00000001000a5370.run()Ljava/lang/Object;+12 java.management@17.0.4.1
j  java.security.AccessController.executePrivileged(Ljava/security/PrivilegedExceptionAction;Ljava/security/AccessControlContext;Ljava/lang/Class;)Ljava/lang/Object;+29 java.base@17.0.4.1
j  java.security.AccessController.doPrivileged(Ljava/security/PrivilegedExceptionAction;)Ljava/lang/Object;+9 java.base@17.0.4.1
j  java.lang.management.ManagementFactory.addMXBean(Ljavax/management/MBeanServer;Ljava/lang/String;Ljava/lang/Object;)V+13 java.management@17.0.4.1
j  java.lang.management.ManagementFactory.lambda$getPlatformMBeanServer$1(Ljava/util/Map$Entry;)V+18 java.management@17.0.4.1
j  java.lang.management.ManagementFactory$$Lambda$18+0x00000001000a3818.accept(Ljava/lang/Object;)V+4 java.management@17.0.4.1
j  java.util.stream.ForEachOps$ForEachOp$OfRef.accept(Ljava/lang/Object;)V+5 java.base@17.0.4.1
j  java.util.Collections$2.tryAdvance(Ljava/util/function/Consumer;)Z+29 java.base@17.0.4.1
j  java.util.Collections$2.forEachRemaining(Ljava/util/function/Consumer;)V+2 java.base@17.0.4.1
j  java.util.stream.ReferencePipeline$Head.forEach(Ljava/util/function/Consumer;)V+12 java.base@17.0.4.1
j  java.util.stream.ReferencePipeline$7$1.accept(Ljava/lang/Object;)V+41 java.base@17.0.4.1
j  java.util.stream.ReferencePipeline$2$1.accept(Ljava/lang/Object;)V+21 java.base@17.0.4.1
j  java.util.HashMap$ValueSpliterator.forEachRemaining(Ljava/util/function/Consumer;)V+145 java.base@17.0.4.1
j  java.util.stream.AbstractPipeline.copyInto(Ljava/util/stream/Sink;Ljava/util/Spliterator;)V+32 java.base@17.0.4.1
j  java.util.stream.AbstractPipeline.wrapAndCopyInto(Ljava/util/stream/Sink;Ljava/util/Spliterator;)Ljava/util/stream/Sink;+13 java.base@17.0.4.1
j  java.util.stream.ForEachOps$ForEachOp.evaluateSequential(Ljava/util/stream/PipelineHelper;Ljava/util/Spliterator;)Ljava/lang/Void;+3 java.base@17.0.4.1
j  java.util.stream.ForEachOps$ForEachOp$OfRef.evaluateSequential(Ljava/util/stream/PipelineHelper;Ljava/util/Spliterator;)Ljava/lang/Object;+3 java.base@17.0.4.1
j  java.util.stream.AbstractPipeline.evaluate(Ljava/util/stream/TerminalOp;)Ljava/lang/Object;+88 java.base@17.0.4.1
j  java.util.stream.ReferencePipeline.forEach(Ljava/util/function/Consumer;)V+6 java.base@17.0.4.1
j  java.lang.management.ManagementFactory.getPlatformMBeanServer()Ljavax/management/MBeanServer;+68 java.management@17.0.4.1
j  sun.management.jmxremote.ConnectorBootstrap.startRemoteConnectorServer(Ljava/lang/String;Ljava/util/Properties;)Ljavax/management/remote/JMXConnectorServer;+579 jdk.management.agent@17.0.4.1
j  jdk.internal.agent.Agent.startAgent(Ljava/util/Properties;)V+48 jdk.management.agent@17.0.4.1
j  jdk.internal.agent.Agent.startAgent()V+20 jdk.management.agent@17.0.4.1
v  ~StubRoutines::call_stub

---------------  P R O C E S S  ---------------

Threads class SMR info:
_java_thread_list=0x0000011c7ea285d0, length=12, elements={
0x0000011c6feeeb30, 0x0000011c7e809160, 0x0000011c7e80bd20, 0x0000011c7e82b340,
0x0000011c7e82dd00, 0x0000011c7e854760, 0x0000011c7e855c50, 0x0000011c7e8767e0,
0x0000011c7e877b20, 0x0000011c7e93bd80, 0x0000011c7e9f5840, 0x0000011c7ea49ff0
}

Java Threads: ( => current thread )
=>0x0000011c6feeeb30 JavaThread "main" [_thread_in_vm, id=2240, stack(0x00000009beb00000,0x00000009bec00000)]
  0x0000011c7e809160 JavaThread "Reference Handler" daemon [_thread_blocked, id=21024, stack(0x00000009bf200000,0x00000009bf300000)]
  0x0000011c7e80bd20 JavaThread "Finalizer" daemon [_thread_blocked, id=19856, stack(0x00000009bf300000,0x00000009bf400000)]
  0x0000011c7e82b340 JavaThread "Signal Dispatcher" daemon [_thread_blocked, id=21340, stack(0x00000009bf400000,0x00000009bf500000)]
  0x0000011c7e82dd00 JavaThread "Attach Listener" daemon [_thread_blocked, id=7944, stack(0x00000009bf500000,0x00000009bf600000)]
  0x0000011c7e854760 JavaThread "Service Thread" daemon [_thread_blocked, id=19312, stack(0x00000009bf600000,0x00000009bf700000)]
  0x0000011c7e855c50 JavaThread "Monitor Deflation Thread" daemon [_thread_blocked, id=20724, stack(0x00000009bf700000,0x00000009bf800000)]
  0x0000011c7e8767e0 JavaThread "C1 CompilerThread0" daemon [_thread_blocked, id=19496, stack(0x00000009bf800000,0x00000009bf900000)]
  0x0000011c7e877b20 JavaThread "Sweeper thread" daemon [_thread_blocked, id=15168, stack(0x00000009bf900000,0x00000009bfa00000)]
  0x0000011c7e93bd80 JavaThread "Common-Cleaner" daemon [_thread_blocked, id=4432, stack(0x00000009bfa00000,0x00000009bfb00000)]
  0x0000011c7e9f5840 JavaThread "C1 CompilerThread1" daemon [_thread_blocked, id=14020, stack(0x00000009bfb00000,0x00000009bfc00000)]
  0x0000011c7ea49ff0 JavaThread "Notification Thread" daemon [_thread_blocked, id=19556, stack(0x00000009bfc00000,0x00000009bfd00000)]

Other Threads:
  0x0000011c7e804170 VMThread "VM Thread" [stack: 0x00000009bf100000,0x00000009bf200000] [id=13104]
  0x0000011c6ff4c240 GCTaskThread "GC Thread#0" [stack: 0x00000009bec00000,0x00000009bed00000] [id=17484]
  0x0000011c6ff9a7b0 ConcurrentGCThread "G1 Main Marker" [stack: 0x00000009bed00000,0x00000009bee00000] [id=11052]
  0x0000011c6ff9c070 ConcurrentGCThread "G1 Conc#0" [stack: 0x00000009bee00000,0x00000009bef00000] [id=8620]
  0x0000011c7da48650 ConcurrentGCThread "G1 Refine#0" [stack: 0x00000009bef00000,0x00000009bf000000] [id=13732]
  0x0000011c7da49f20 ConcurrentGCThread "G1 Service" [stack: 0x00000009bf000000,0x00000009bf100000] [id=15600]

Threads with active compile tasks:

VM state: not at safepoint (normal execution)

VM Mutex/Monitor currently owned by a thread: None

Heap address: 0x0000000081e00000, size: 2018 MB, Compressed Oops mode: 32-bit

CDS archive(s) not mapped
Compressed class space mapped at: 0x0000000100000000-0x0000000140000000, reserved size: 1073741824
Narrow klass base: 0x0000000000000000, Narrow klass shift: 3, Narrow klass range: 0x140000000

GC Precious Log:
 CPUs: 8 total, 8 available
 Memory: 8070M
 Large Page Support: Disabled
 NUMA Support: Disabled
 Compressed Oops: Enabled (32-bit)
 Heap Region Size: 1M
 Heap Min Capacity: 8M
 Heap Initial Capacity: 128M
 Heap Max Capacity: 2018M
 Pre-touch: Disabled
 Parallel Workers: 8
 Concurrent Workers: 2
 Concurrent Refinement Workers: 8
 Periodic GC: Disabled

Heap:
 garbage-first heap   total 131072K, used 7168K [0x0000000081e00000, 0x0000000100000000)
  region size 1024K, 7 young (7168K), 0 survivors (0K)
 Metaspace       used 7530K, committed 7744K, reserved 1056768K
  class space    used 678K, committed 768K, reserved 1048576K

Heap Regions: E=young(eden), S=young(survivor), O=old, HS=humongous(starts), HC=humongous(continues), CS=collection set, F=free, OA=open archive, CA=closed archive, TAMS=top-at-mark-start (previous, next)
|   0|0x0000000081e00000, 0x0000000081f00000, 0x0000000081f00000|100%|HS|  |TAMS 0x0000000081e00000, 0x0000000081e00000| Complete 
|   1|0x0000000081f00000, 0x0000000081f00000, 0x0000000082000000|  0%| F|  |TAMS 0x0000000081f00000, 0x0000000081f00000| Untracked 
|   2|0x0000000082000000, 0x0000000082000000, 0x0000000082100000|  0%| F|  |TAMS 0x0000000082000000, 0x0000000082000000| Untracked 
|   3|0x0000000082100000, 0x0000000082100000, 0x0000000082200000|  0%| F|  |TAMS 0x0000000082100000, 0x0000000082100000| Untracked 
|   4|0x0000000082200000, 0x0000000082200000, 0x0000000082300000|  0%| F|  |TAMS 0x0000000082200000, 0x0000000082200000| Untracked 
|   5|0x0000000082300000, 0x0000000082300000, 0x0000000082400000|  0%| F|  |TAMS 0x0000000082300000, 0x0000000082300000| Untracked 
|   6|0x0000000082400000, 0x0000000082400000, 0x0000000082500000|  0%| F|  |TAMS 0x0000000082400000, 0x0000000082400000| Untracked 
|   7|0x0000000082500000, 0x0000000082500000, 0x0000000082600000|  0%| F|  |TAMS 0x0000000082500000, 0x0000000082500000| Untracked 
|   8|0x0000000082600000, 0x0000000082600000, 0x0000000082700000|  0%| F|  |TAMS 0x0000000082600000, 0x0000000082600000| Untracked 
|   9|0x0000000082700000, 0x0000000082700000, 0x0000000082800000|  0%| F|  |TAMS 0x0000000082700000, 0x0000000082700000| Untracked 
|  10|0x0000000082800000, 0x0000000082800000, 0x0000000082900000|  0%| F|  |TAMS 0x0000000082800000, 0x0000000082800000| Untracked 
|  11|0x0000000082900000, 0x0000000082900000, 0x0000000082a00000|  0%| F|  |TAMS 0x0000000082900000, 0x0000000082900000| Untracked 
|  12|0x0000000082a00000, 0x0000000082a00000, 0x0000000082b00000|  0%| F|  |TAMS 0x0000000082a00000, 0x0000000082a00000| Untracked 
|  13|0x0000000082b00000, 0x0000000082b00000, 0x0000000082c00000|  0%| F|  |TAMS 0x0000000082b00000, 0x0000000082b00000| Untracked 
|  14|0x0000000082c00000, 0x0000000082c00000, 0x0000000082d00000|  0%| F|  |TAMS 0x0000000082c00000, 0x0000000082c00000| Untracked 
|  15|0x0000000082d00000, 0x0000000082d00000, 0x0000000082e00000|  0%| F|  |TAMS 0x0000000082d00000, 0x0000000082d00000| Untracked 
|  16|0x0000000082e00000, 0x0000000082e00000, 0x0000000082f00000|  0%| F|  |TAMS 0x0000000082e00000, 0x0000000082e00000| Untracked 
|  17|0x0000000082f00000, 0x0000000082f00000, 0x0000000083000000|  0%| F|  |TAMS 0x0000000082f00000, 0x0000000082f00000| Untracked 
|  18|0x0000000083000000, 0x0000000083000000, 0x0000000083100000|  0%| F|  |TAMS 0x0000000083000000, 0x0000000083000000| Untracked 
|  19|0x0000000083100000, 0x0000000083100000, 0x0000000083200000|  0%| F|  |TAMS 0x0000000083100000, 0x0000000083100000| Untracked 
|  20|0x0000000083200000, 0x0000000083200000, 0x0000000083300000|  0%| F|  |TAMS 0x0000000083200000, 0x0000000083200000| Untracked 
|  21|0x0000000083300000, 0x0000000083300000, 0x0000000083400000|  0%| F|  |TAMS 0x0000000083300000, 0x0000000083300000| Untracked 
|  22|0x0000000083400000, 0x0000000083400000, 0x0000000083500000|  0%| F|  |TAMS 0x0000000083400000, 0x0000000083400000| Untracked 
|  23|0x0000000083500000, 0x0000000083500000, 0x0000000083600000|  0%| F|  |TAMS 0x0000000083500000, 0x0000000083500000| Untracked 
|  24|0x0000000083600000, 0x0000000083600000, 0x0000000083700000|  0%| F|  |TAMS 0x0000000083600000, 0x0000000083600000| Untracked 
|  25|0x0000000083700000, 0x0000000083700000, 0x0000000083800000|  0%| F|  |TAMS 0x0000000083700000, 0x0000000083700000| Untracked 
|  26|0x0000000083800000, 0x0000000083800000, 0x0000000083900000|  0%| F|  |TAMS 0x0000000083800000, 0x0000000083800000| Untracked 
|  27|0x0000000083900000, 0x0000000083900000, 0x0000000083a00000|  0%| F|  |TAMS 0x0000000083900000, 0x0000000083900000| Untracked 
|  28|0x0000000083a00000, 0x0000000083a00000, 0x0000000083b00000|  0%| F|  |TAMS 0x0000000083a00000, 0x0000000083a00000| Untracked 
|  29|0x0000000083b00000, 0x0000000083b00000, 0x0000000083c00000|  0%| F|  |TAMS 0x0000000083b00000, 0x0000000083b00000| Untracked 
|  30|0x0000000083c00000, 0x0000000083c00000, 0x0000000083d00000|  0%| F|  |TAMS 0x0000000083c00000, 0x0000000083c00000| Untracked 
|  31|0x0000000083d00000, 0x0000000083d00000, 0x0000000083e00000|  0%| F|  |TAMS 0x0000000083d00000, 0x0000000083d00000| Untracked 
|  32|0x0000000083e00000, 0x0000000083e00000, 0x0000000083f00000|  0%| F|  |TAMS 0x0000000083e00000, 0x0000000083e00000| Untracked 
|  33|0x0000000083f00000, 0x0000000083f00000, 0x0000000084000000|  0%| F|  |TAMS 0x0000000083f00000, 0x0000000083f00000| Untracked 
|  34|0x0000000084000000, 0x0000000084000000, 0x0000000084100000|  0%| F|  |TAMS 0x0000000084000000, 0x0000000084000000| Untracked 
|  35|0x0000000084100000, 0x0000000084100000, 0x0000000084200000|  0%| F|  |TAMS 0x0000000084100000, 0x0000000084100000| Untracked 
|  36|0x0000000084200000, 0x0000000084200000, 0x0000000084300000|  0%| F|  |TAMS 0x0000000084200000, 0x0000000084200000| Untracked 
|  37|0x0000000084300000, 0x0000000084300000, 0x0000000084400000|  0%| F|  |TAMS 0x0000000084300000, 0x0000000084300000| Untracked 
|  38|0x0000000084400000, 0x0000000084400000, 0x0000000084500000|  0%| F|  |TAMS 0x0000000084400000, 0x0000000084400000| Untracked 
|  39|0x0000000084500000, 0x0000000084500000, 0x0000000084600000|  0%| F|  |TAMS 0x0000000084500000, 0x0000000084500000| Untracked 
|  40|0x0000000084600000, 0x0000000084600000, 0x0000000084700000|  0%| F|  |TAMS 0x0000000084600000, 0x0000000084600000| Untracked 
|  41|0x0000000084700000, 0x0000000084700000, 0x0000000084800000|  0%| F|  |TAMS 0x0000000084700000, 0x0000000084700000| Untracked 
|  42|0x0000000084800000, 0x0000000084800000, 0x0000000084900000|  0%| F|  |TAMS 0x0000000084800000, 0x0000000084800000| Untracked 
|  43|0x0000000084900000, 0x0000000084900000, 0x0000000084a00000|  0%| F|  |TAMS 0x0000000084900000, 0x0000000084900000| Untracked 
|  44|0x0000000084a00000, 0x0000000084a00000, 0x0000000084b00000|  0%| F|  |TAMS 0x0000000084a00000, 0x0000000084a00000| Untracked 
|  45|0x0000000084b00000, 0x0000000084b00000, 0x0000000084c00000|  0%| F|  |TAMS 0x0000000084b00000, 0x0000000084b00000| Untracked 
|  46|0x0000000084c00000, 0x0000000084c00000, 0x0000000084d00000|  0%| F|  |TAMS 0x0000000084c00000, 0x0000000084c00000| Untracked 
|  47|0x0000000084d00000, 0x0000000084d00000, 0x0000000084e00000|  0%| F|  |TAMS 0x0000000084d00000, 0x0000000084d00000| Untracked 
|  48|0x0000000084e00000, 0x0000000084e00000, 0x0000000084f00000|  0%| F|  |TAMS 0x0000000084e00000, 0x0000000084e00000| Untracked 
|  49|0x0000000084f00000, 0x0000000084f00000, 0x0000000085000000|  0%| F|  |TAMS 0x0000000084f00000, 0x0000000084f00000| Untracked 
|  50|0x0000000085000000, 0x0000000085000000, 0x0000000085100000|  0%| F|  |TAMS 0x0000000085000000, 0x0000000085000000| Untracked 
|  51|0x0000000085100000, 0x0000000085100000, 0x0000000085200000|  0%| F|  |TAMS 0x0000000085100000, 0x0000000085100000| Untracked 
|  52|0x0000000085200000, 0x0000000085200000, 0x0000000085300000|  0%| F|  |TAMS 0x0000000085200000, 0x0000000085200000| Untracked 
|  53|0x0000000085300000, 0x0000000085300000, 0x0000000085400000|  0%| F|  |TAMS 0x0000000085300000, 0x0000000085300000| Untracked 
|  54|0x0000000085400000, 0x0000000085400000, 0x0000000085500000|  0%| F|  |TAMS 0x0000000085400000, 0x0000000085400000| Untracked 
|  55|0x0000000085500000, 0x0000000085500000, 0x0000000085600000|  0%| F|  |TAMS 0x0000000085500000, 0x0000000085500000| Untracked 
|  56|0x0000000085600000, 0x0000000085600000, 0x0000000085700000|  0%| F|  |TAMS 0x0000000085600000, 0x0000000085600000| Untracked 
|  57|0x0000000085700000, 0x0000000085700000, 0x0000000085800000|  0%| F|  |TAMS 0x0000000085700000, 0x0000000085700000| Untracked 
|  58|0x0000000085800000, 0x0000000085800000, 0x0000000085900000|  0%| F|  |TAMS 0x0000000085800000, 0x0000000085800000| Untracked 
|  59|0x0000000085900000, 0x0000000085900000, 0x0000000085a00000|  0%| F|  |TAMS 0x0000000085900000, 0x0000000085900000| Untracked 
|  60|0x0000000085a00000, 0x0000000085a00000, 0x0000000085b00000|  0%| F|  |TAMS 0x0000000085a00000, 0x0000000085a00000| Untracked 
|  61|0x0000000085b00000, 0x0000000085b00000, 0x0000000085c00000|  0%| F|  |TAMS 0x0000000085b00000, 0x0000000085b00000| Untracked 
|  62|0x0000000085c00000, 0x0000000085c00000, 0x0000000085d00000|  0%| F|  |TAMS 0x0000000085c00000, 0x0000000085c00000| Untracked 
|  63|0x0000000085d00000, 0x0000000085d00000, 0x0000000085e00000|  0%| F|  |TAMS 0x0000000085d00000, 0x0000000085d00000| Untracked 
|  64|0x0000000085e00000, 0x0000000085e00000, 0x0000000085f00000|  0%| F|  |TAMS 0x0000000085e00000, 0x0000000085e00000| Untracked 
|  65|0x0000000085f00000, 0x0000000085f00000, 0x0000000086000000|  0%| F|  |TAMS 0x0000000085f00000, 0x0000000085f00000| Untracked 
|  66|0x0000000086000000, 0x0000000086000000, 0x0000000086100000|  0%| F|  |TAMS 0x0000000086000000, 0x0000000086000000| Untracked 
|  67|0x0000000086100000, 0x0000000086100000, 0x0000000086200000|  0%| F|  |TAMS 0x0000000086100000, 0x0000000086100000| Untracked 
|  68|0x0000000086200000, 0x0000000086200000, 0x0000000086300000|  0%| F|  |TAMS 0x0000000086200000, 0x0000000086200000| Untracked 
|  69|0x0000000086300000, 0x0000000086300000, 0x0000000086400000|  0%| F|  |TAMS 0x0000000086300000, 0x0000000086300000| Untracked 
|  70|0x0000000086400000, 0x0000000086400000, 0x0000000086500000|  0%| F|  |TAMS 0x0000000086400000, 0x0000000086400000| Untracked 
|  71|0x0000000086500000, 0x0000000086500000, 0x0000000086600000|  0%| F|  |TAMS 0x0000000086500000, 0x0000000086500000| Untracked 
|  72|0x0000000086600000, 0x0000000086600000, 0x0000000086700000|  0%| F|  |TAMS 0x0000000086600000, 0x0000000086600000| Untracked 
|  73|0x0000000086700000, 0x0000000086700000, 0x0000000086800000|  0%| F|  |TAMS 0x0000000086700000, 0x0000000086700000| Untracked 
|  74|0x0000000086800000, 0x0000000086800000, 0x0000000086900000|  0%| F|  |TAMS 0x0000000086800000, 0x0000000086800000| Untracked 
|  75|0x0000000086900000, 0x0000000086900000, 0x0000000086a00000|  0%| F|  |TAMS 0x0000000086900000, 0x0000000086900000| Untracked 
|  76|0x0000000086a00000, 0x0000000086a00000, 0x0000000086b00000|  0%| F|  |TAMS 0x0000000086a00000, 0x0000000086a00000| Untracked 
|  77|0x0000000086b00000, 0x0000000086b00000, 0x0000000086c00000|  0%| F|  |TAMS 0x0000000086b00000, 0x0000000086b00000| Untracked 
|  78|0x0000000086c00000, 0x0000000086c00000, 0x0000000086d00000|  0%| F|  |TAMS 0x0000000086c00000, 0x0000000086c00000| Untracked 
|  79|0x0000000086d00000, 0x0000000086d00000, 0x0000000086e00000|  0%| F|  |TAMS 0x0000000086d00000, 0x0000000086d00000| Untracked 
|  80|0x0000000086e00000, 0x0000000086e00000, 0x0000000086f00000|  0%| F|  |TAMS 0x0000000086e00000, 0x0000000086e00000| Untracked 
|  81|0x0000000086f00000, 0x0000000086f00000, 0x0000000087000000|  0%| F|  |TAMS 0x0000000086f00000, 0x0000000086f00000| Untracked 
|  82|0x0000000087000000, 0x0000000087000000, 0x0000000087100000|  0%| F|  |TAMS 0x0000000087000000, 0x0000000087000000| Untracked 
|  83|0x0000000087100000, 0x0000000087100000, 0x0000000087200000|  0%| F|  |TAMS 0x0000000087100000, 0x0000000087100000| Untracked 
|  84|0x0000000087200000, 0x0000000087200000, 0x0000000087300000|  0%| F|  |TAMS 0x0000000087200000, 0x0000000087200000| Untracked 
|  85|0x0000000087300000, 0x0000000087300000, 0x0000000087400000|  0%| F|  |TAMS 0x0000000087300000, 0x0000000087300000| Untracked 
|  86|0x0000000087400000, 0x0000000087400000, 0x0000000087500000|  0%| F|  |TAMS 0x0000000087400000, 0x0000000087400000| Untracked 
|  87|0x0000000087500000, 0x0000000087500000, 0x0000000087600000|  0%| F|  |TAMS 0x0000000087500000, 0x0000000087500000| Untracked 
|  88|0x0000000087600000, 0x0000000087600000, 0x0000000087700000|  0%| F|  |TAMS 0x0000000087600000, 0x0000000087600000| Untracked 
|  89|0x0000000087700000, 0x0000000087700000, 0x0000000087800000|  0%| F|  |TAMS 0x0000000087700000, 0x0000000087700000| Untracked 
|  90|0x0000000087800000, 0x0000000087800000, 0x0000000087900000|  0%| F|  |TAMS 0x0000000087800000, 0x0000000087800000| Untracked 
|  91|0x0000000087900000, 0x0000000087900000, 0x0000000087a00000|  0%| F|  |TAMS 0x0000000087900000, 0x0000000087900000| Untracked 
|  92|0x0000000087a00000, 0x0000000087a00000, 0x0000000087b00000|  0%| F|  |TAMS 0x0000000087a00000, 0x0000000087a00000| Untracked 
|  93|0x0000000087b00000, 0x0000000087b00000, 0x0000000087c00000|  0%| F|  |TAMS 0x0000000087b00000, 0x0000000087b00000| Untracked 
|  94|0x0000000087c00000, 0x0000000087c00000, 0x0000000087d00000|  0%| F|  |TAMS 0x0000000087c00000, 0x0000000087c00000| Untracked 
|  95|0x0000000087d00000, 0x0000000087d00000, 0x0000000087e00000|  0%| F|  |TAMS 0x0000000087d00000, 0x0000000087d00000| Untracked 
|  96|0x0000000087e00000, 0x0000000087e00000, 0x0000000087f00000|  0%| F|  |TAMS 0x0000000087e00000, 0x0000000087e00000| Untracked 
|  97|0x0000000087f00000, 0x0000000087f00000, 0x0000000088000000|  0%| F|  |TAMS 0x0000000087f00000, 0x0000000087f00000| Untracked 
|  98|0x0000000088000000, 0x0000000088000000, 0x0000000088100000|  0%| F|  |TAMS 0x0000000088000000, 0x0000000088000000| Untracked 
|  99|0x0000000088100000, 0x0000000088100000, 0x0000000088200000|  0%| F|  |TAMS 0x0000000088100000, 0x0000000088100000| Untracked 
| 100|0x0000000088200000, 0x0000000088200000, 0x0000000088300000|  0%| F|  |TAMS 0x0000000088200000, 0x0000000088200000| Untracked 
| 101|0x0000000088300000, 0x0000000088300000, 0x0000000088400000|  0%| F|  |TAMS 0x0000000088300000, 0x0000000088300000| Untracked 
| 102|0x0000000088400000, 0x0000000088400000, 0x0000000088500000|  0%| F|  |TAMS 0x0000000088400000, 0x0000000088400000| Untracked 
| 103|0x0000000088500000, 0x0000000088500000, 0x0000000088600000|  0%| F|  |TAMS 0x0000000088500000, 0x0000000088500000| Untracked 
| 104|0x0000000088600000, 0x0000000088600000, 0x0000000088700000|  0%| F|  |TAMS 0x0000000088600000, 0x0000000088600000| Untracked 
| 105|0x0000000088700000, 0x0000000088700000, 0x0000000088800000|  0%| F|  |TAMS 0x0000000088700000, 0x0000000088700000| Untracked 
| 106|0x0000000088800000, 0x0000000088800000, 0x0000000088900000|  0%| F|  |TAMS 0x0000000088800000, 0x0000000088800000| Untracked 
| 107|0x0000000088900000, 0x0000000088900000, 0x0000000088a00000|  0%| F|  |TAMS 0x0000000088900000, 0x0000000088900000| Untracked 
| 108|0x0000000088a00000, 0x0000000088a00000, 0x0000000088b00000|  0%| F|  |TAMS 0x0000000088a00000, 0x0000000088a00000| Untracked 
| 109|0x0000000088b00000, 0x0000000088b00000, 0x0000000088c00000|  0%| F|  |TAMS 0x0000000088b00000, 0x0000000088b00000| Untracked 
| 110|0x0000000088c00000, 0x0000000088c00000, 0x0000000088d00000|  0%| F|  |TAMS 0x0000000088c00000, 0x0000000088c00000| Untracked 
| 111|0x0000000088d00000, 0x0000000088d00000, 0x0000000088e00000|  0%| F|  |TAMS 0x0000000088d00000, 0x0000000088d00000| Untracked 
| 112|0x0000000088e00000, 0x0000000088e00000, 0x0000000088f00000|  0%| F|  |TAMS 0x0000000088e00000, 0x0000000088e00000| Untracked 
| 113|0x0000000088f00000, 0x0000000088f00000, 0x0000000089000000|  0%| F|  |TAMS 0x0000000088f00000, 0x0000000088f00000| Untracked 
| 114|0x0000000089000000, 0x0000000089000000, 0x0000000089100000|  0%| F|  |TAMS 0x0000000089000000, 0x0000000089000000| Untracked 
| 115|0x0000000089100000, 0x0000000089100000, 0x0000000089200000|  0%| F|  |TAMS 0x0000000089100000, 0x0000000089100000| Untracked 
| 116|0x0000000089200000, 0x0000000089200000, 0x0000000089300000|  0%| F|  |TAMS 0x0000000089200000, 0x0000000089200000| Untracked 
| 117|0x0000000089300000, 0x0000000089300000, 0x0000000089400000|  0%| F|  |TAMS 0x0000000089300000, 0x0000000089300000| Untracked 
| 118|0x0000000089400000, 0x0000000089400000, 0x0000000089500000|  0%| F|  |TAMS 0x0000000089400000, 0x0000000089400000| Untracked 
| 119|0x0000000089500000, 0x0000000089500000, 0x0000000089600000|  0%| F|  |TAMS 0x0000000089500000, 0x0000000089500000| Untracked 
| 120|0x0000000089600000, 0x0000000089600000, 0x0000000089700000|  0%| F|  |TAMS 0x0000000089600000, 0x0000000089600000| Untracked 
| 121|0x0000000089700000, 0x000000008978c2e0, 0x0000000089800000| 54%| E|  |TAMS 0x0000000089700000, 0x0000000089700000| Complete 
| 122|0x0000000089800000, 0x0000000089900000, 0x0000000089900000|100%| E|CS|TAMS 0x0000000089800000, 0x0000000089800000| Complete 
| 123|0x0000000089900000, 0x0000000089a00000, 0x0000000089a00000|100%| E|CS|TAMS 0x0000000089900000, 0x0000000089900000| Complete 
| 124|0x0000000089a00000, 0x0000000089b00000, 0x0000000089b00000|100%| E|CS|TAMS 0x0000000089a00000, 0x0000000089a00000| Complete 
| 125|0x0000000089b00000, 0x0000000089c00000, 0x0000000089c00000|100%| E|CS|TAMS 0x0000000089b00000, 0x0000000089b00000| Complete 
| 126|0x0000000089c00000, 0x0000000089d00000, 0x0000000089d00000|100%| E|CS|TAMS 0x0000000089c00000, 0x0000000089c00000| Complete 
| 127|0x0000000089d00000, 0x0000000089e00000, 0x0000000089e00000|100%| E|CS|TAMS 0x0000000089d00000, 0x0000000089d00000| Complete 

Card table byte_map: [0x0000011c76ac0000,0x0000011c76ec0000] _byte_map_base: 0x0000011c766b1000

Marking Bits (Prev, Next): (CMBitMap*) 0x0000011c6ff4c850, (CMBitMap*) 0x0000011c6ff4c890
 Prev Bits: [0x0000011c772c0000, 0x0000011c79248000)
 Next Bits: [0x0000011c79250000, 0x0000011c7b1d8000)

Polling page: 0x0000011c6dec0000

Metaspace:

Usage:
  Non-class:      6.69 MB used.
      Class:    678.69 KB used.
       Both:      7.35 MB used.

Virtual space:
  Non-class space:        8.00 MB reserved,       6.81 MB ( 85%) committed,  1 nodes.
      Class space:        1.00 GB reserved,     768.00 KB ( <1%) committed,  1 nodes.
             Both:        1.01 GB reserved,       7.56 MB ( <1%) committed. 

Chunk freelists:
   Non-Class:  1020.00 KB
       Class:  3.25 MB
        Both:  4.24 MB

MaxMetaspaceSize: unlimited
CompressedClassSpaceSize: 1.00 GB
Initial GC threshold: 21.00 MB
Current GC threshold: 21.00 MB
CDS: off
MetaspaceReclaimPolicy: balanced
 - commit_granule_bytes: 65536.
 - commit_granule_words: 8192.
 - virtual_space_node_default_size: 1048576.
 - enlarge_chunks_in_place: 1.
 - new_chunks_are_fully_committed: 0.
 - uncommit_free_chunks: 1.
 - use_allocation_guard: 0.
 - handle_deallocations: 1.


Internal statistics:

num_allocs_failed_limit: 0.
num_arena_births: 10.
num_arena_deaths: 0.
num_vsnodes_births: 2.
num_vsnodes_deaths: 0.
num_space_committed: 121.
num_space_uncommitted: 0.
num_chunks_returned_to_freelist: 0.
num_chunks_taken_from_freelist: 29.
num_chunk_merges: 0.
num_chunk_splits: 10.
num_chunks_enlarged: 4.
num_purges: 0.
num_inconsistent_stats: 0.

CodeCache: size=49152Kb used=1998Kb max_used=1998Kb free=47153Kb
 bounds [0x0000011c735b0000, 0x0000011c73820000, 0x0000011c765b0000]
 total_blobs=680 nmethods=313 adapters=294
 compilation: enabled
              stopped_count=0, restarted_count=0
 full_count=0

Compilation events (20 events):
Event: 0.530 Thread 0x0000011c7e9f5840  298       1       java.lang.Class::getModule (5 bytes)
Event: 0.530 Thread 0x0000011c7e9f5840 nmethod 298 0x0000011c7379c610 code [0x0000011c7379c7a0, 0x0000011c7379c878]
Event: 0.545 Thread 0x0000011c7e9f5840  300 %     1       java.util.Properties$LineReader::readLine @ 224 (584 bytes)
Event: 0.546 Thread 0x0000011c7e8767e0  301       1       java.lang.invoke.MethodHandle::type (5 bytes)
Event: 0.546 Thread 0x0000011c7e8767e0 nmethod 301 0x0000011c7379e290 code [0x0000011c7379e420, 0x0000011c7379e4f8]
Event: 0.547 Thread 0x0000011c7e9f5840 nmethod 300% 0x0000011c7379e590 code [0x0000011c7379e820, 0x0000011c7379fbd8]
Event: 0.553 Thread 0x0000011c7e9f5840  303       1       jdk.internal.org.objectweb.asm.ClassReader::readUnsignedShort (26 bytes)
Event: 0.553 Thread 0x0000011c7e9f5840 nmethod 303 0x0000011c737a0d10 code [0x0000011c737a0ea0, 0x0000011c737a0fd8]
Event: 0.554 Thread 0x0000011c7e9f5840  304       1       java.lang.invoke.MemberName::testAllFlags (7 bytes)
Event: 0.554 Thread 0x0000011c7e9f5840 nmethod 304 0x0000011c737a1090 code [0x0000011c737a1220, 0x0000011c737a12f8]
Event: 0.554 Thread 0x0000011c7e9f5840  306       1       java.lang.invoke.MethodHandles$Lookup::lookupClass (5 bytes)
Event: 0.554 Thread 0x0000011c7e8767e0  305       1       java.lang.invoke.MethodType::ptypes (5 bytes)
Event: 0.554 Thread 0x0000011c7e9f5840 nmethod 306 0x0000011c737a1690 code [0x0000011c737a1820, 0x0000011c737a18f8]
Event: 0.554 Thread 0x0000011c7e8767e0 nmethod 305 0x0000011c737a1990 code [0x0000011c737a1b20, 0x0000011c737a1bf8]
Event: 0.556 Thread 0x0000011c7e8767e0  310       1       java.lang.invoke.MethodType::checkSlotCount (33 bytes)
Event: 0.556 Thread 0x0000011c7e8767e0 nmethod 310 0x0000011c737a2a10 code [0x0000011c737a2c00, 0x0000011c737a2f98]
Event: 0.558 Thread 0x0000011c7e8767e0  314       1       java.util.HashSet::contains (9 bytes)
Event: 0.558 Thread 0x0000011c7e9f5840  313       1       java.lang.reflect.Method::getName (5 bytes)
Event: 0.558 Thread 0x0000011c7e9f5840 nmethod 313 0x0000011c737a3490 code [0x0000011c737a3620, 0x0000011c737a36f8]
Event: 0.559 Thread 0x0000011c7e8767e0 nmethod 314 0x0000011c737a3790 code [0x0000011c737a3920, 0x0000011c737a3a28]

GC Heap History (0 events):
No events

Deoptimization events (0 events):
No events

Classes unloaded (0 events):
No events

Classes redefined (0 events):
No events

Internal exceptions (4 events):
Event: 0.529 Thread 0x0000011c6feeeb30 Exception <a 'java/lang/NoSuchMethodError'{0x00000000897453a0}: 'java.lang.Object java.lang.invoke.DirectMethodHandle$Holder.invokeStaticInit(java.lang.Object)'> (0x00000000897453a0) 
thrown [s\src\hotspot\share\interpreter\linkResolver.cpp, line 759]
Event: 0.553 Thread 0x0000011c6feeeb30 Exception <a 'java/lang/NoSuchMethodError'{0x0000000089760ea0}: 'int java.lang.invoke.DirectMethodHandle$Holder.invokeInterface(java.lang.Object, java.lang.Object)'> (0x0000000089760ea0) 
thrown [s\src\hotspot\share\interpreter\linkResolver.cpp, line 759]
Event: 0.553 Thread 0x0000011c6feeeb30 Exception <a 'java/lang/IncompatibleClassChangeError'{0x00000000897644a0}: Found class java.lang.Object, but interface was expected> (0x00000000897644a0) 
thrown [s\src\hotspot\share\interpreter\linkResolver.cpp, line 826]
Event: 0.554 Thread 0x0000011c6feeeb30 Exception <a 'java/lang/NoSuchMethodError'{0x000000008976a050}: 'void java.lang.invoke.DirectMethodHandle$Holder.invokeStatic(java.lang.Object, java.lang.Object)'> (0x000000008976a050) 
thrown [s\src\hotspot\share\interpreter\linkResolver.cpp, line 759]

VM Operations (2 events):
Event: 0.181 Executing VM operation: HandshakeAllThreads
Event: 0.181 Executing VM operation: HandshakeAllThreads done

Events (20 events):
Event: 0.558 loading class com/sun/jmx/mbeanserver/MBeanAnalyzer$MethodOrder done
Event: 0.558 loading class java/util/TimSort
Event: 0.558 loading class java/util/TimSort done
Event: 0.558 loading class com/sun/jmx/mbeanserver/ConvertingMethod
Event: 0.559 loading class com/sun/jmx/mbeanserver/ConvertingMethod done
Event: 0.559 loading class com/sun/jmx/mbeanserver/MXBeanMappingFactory
Event: 0.559 loading class com/sun/jmx/mbeanserver/MXBeanMappingFactory done
Event: 0.559 loading class com/sun/jmx/mbeanserver/DefaultMXBeanMappingFactory
Event: 0.559 loading class com/sun/jmx/mbeanserver/DefaultMXBeanMappingFactory done
Event: 0.559 loading class com/sun/jmx/mbeanserver/DefaultMXBeanMappingFactory$Mappings
Event: 0.559 loading class com/sun/jmx/mbeanserver/DefaultMXBeanMappingFactory$Mappings done
Event: 0.559 loading class javax/management/openmbean/OpenType
Event: 0.559 loading class javax/management/openmbean/OpenType done
Event: 0.559 loading class javax/management/openmbean/SimpleType
Event: 0.559 loading class javax/management/openmbean/SimpleType done
Event: 0.559 loading class javax/management/openmbean/CompositeData
Event: 0.559 loading class javax/management/openmbean/CompositeData done
Event: 0.559 loading class javax/management/openmbean/TabularData
Event: 0.559 loading class javax/management/openmbean/TabularData done
Event: 0.559 loading class java/math/BigDecimal


Dynamic libraries:
0x00007ff6d2530000 - 0x00007ff6d253e000 	C:\Users\akhil\Downloads\sts-4.16.0.RELEASE\plugins\org.eclipse.justj.openjdk.hotspot.jre.full.win32.x86_64_17.0.4.v20220903-1038\jre\bin\javaw.exe
0x00007ffcd7e20000 - 0x00007ffcd8029000 	C:\WINDOWS\SYSTEM32\ntdll.dll
0x00007ffcd6f10000 - 0x00007ffcd6fcd000 	C:\WINDOWS\System32\KERNEL32.DLL
0x00007ffcd55d0000 - 0x00007ffcd594c000 	C:\WINDOWS\System32\KERNELBASE.dll
0x00007ffcd5a70000 - 0x00007ffcd5b81000 	C:\WINDOWS\System32\ucrtbase.dll
0x00007ffcb9ca0000 - 0x00007ffcb9cb8000 	C:\Users\akhil\Downloads\sts-4.16.0.RELEASE\plugins\org.eclipse.justj.openjdk.hotspot.jre.full.win32.x86_64_17.0.4.v20220903-1038\jre\bin\jli.dll
0x00007ffcb6150000 - 0x00007ffcb6169000 	C:\Users\akhil\Downloads\sts-4.16.0.RELEASE\plugins\org.eclipse.justj.openjdk.hotspot.jre.full.win32.x86_64_17.0.4.v20220903-1038\jre\bin\VCRUNTIME140.dll
0x00007ffcd5f70000 - 0x00007ffcd611d000 	C:\WINDOWS\System32\USER32.dll
0x00007ffcd5a40000 - 0x00007ffcd5a66000 	C:\WINDOWS\System32\win32u.dll
0x00007ffcbd570000 - 0x00007ffcbd815000 	C:\WINDOWS\WinSxS\amd64_microsoft.windows.common-controls_6595b64144ccf1df_6.0.22000.120_none_9d947278b86cc467\COMCTL32.dll
0x00007ffcd6b00000 - 0x00007ffcd6b29000 	C:\WINDOWS\System32\GDI32.dll
0x00007ffcd7d30000 - 0x00007ffcd7dd3000 	C:\WINDOWS\System32\msvcrt.dll
0x00007ffcd5b90000 - 0x00007ffcd5ca9000 	C:\WINDOWS\System32\gdi32full.dll
0x00007ffcd5300000 - 0x00007ffcd539d000 	C:\WINDOWS\System32\msvcp_win.dll
0x00007ffcd5e60000 - 0x00007ffcd5e91000 	C:\WINDOWS\System32\IMM32.DLL
0x00007ffccfba0000 - 0x00007ffccfbac000 	C:\Users\akhil\Downloads\sts-4.16.0.RELEASE\plugins\org.eclipse.justj.openjdk.hotspot.jre.full.win32.x86_64_17.0.4.v20220903-1038\jre\bin\vcruntime140_1.dll
0x00007ffca69b0000 - 0x00007ffca6a41000 	C:\Users\akhil\Downloads\sts-4.16.0.RELEASE\plugins\org.eclipse.justj.openjdk.hotspot.jre.full.win32.x86_64_17.0.4.v20220903-1038\jre\bin\msvcp140.dll
0x00007ffc738f0000 - 0x00007ffc74536000 	C:\Users\akhil\Downloads\sts-4.16.0.RELEASE\plugins\org.eclipse.justj.openjdk.hotspot.jre.full.win32.x86_64_17.0.4.v20220903-1038\jre\bin\server\jvm.dll
0x00007ffcd72c0000 - 0x00007ffcd736e000 	C:\WINDOWS\System32\ADVAPI32.dll
0x00007ffcd6190000 - 0x00007ffcd622e000 	C:\WINDOWS\System32\sechost.dll
0x00007ffcd6df0000 - 0x00007ffcd6f10000 	C:\WINDOWS\System32\RPCRT4.dll
0x00007ffcd5ea0000 - 0x00007ffcd5ea8000 	C:\WINDOWS\System32\PSAPI.DLL
0x00007ffcccb80000 - 0x00007ffcccb8a000 	C:\WINDOWS\SYSTEM32\VERSION.dll
0x00007ffcb69b0000 - 0x00007ffcb69e3000 	C:\WINDOWS\SYSTEM32\WINMM.dll
0x00007ffcd11c0000 - 0x00007ffcd11c9000 	C:\WINDOWS\SYSTEM32\WSOCK32.dll
0x00007ffcd6120000 - 0x00007ffcd618f000 	C:\WINDOWS\System32\WS2_32.dll
0x00007ffcd43f0000 - 0x00007ffcd4408000 	C:\WINDOWS\SYSTEM32\kernel.appcore.dll
0x00007ffcd1140000 - 0x00007ffcd114a000 	C:\Users\akhil\Downloads\sts-4.16.0.RELEASE\plugins\org.eclipse.justj.openjdk.hotspot.jre.full.win32.x86_64_17.0.4.v20220903-1038\jre\bin\jimage.dll
0x00007ffcd2e30000 - 0x00007ffcd3051000 	C:\WINDOWS\SYSTEM32\DBGHELP.DLL
0x00007ffcb76f0000 - 0x00007ffcb7721000 	C:\WINDOWS\SYSTEM32\dbgcore.DLL
0x00007ffcd59c0000 - 0x00007ffcd5a3f000 	C:\WINDOWS\System32\bcryptPrimitives.dll
0x00007ffcba040000 - 0x00007ffcba065000 	C:\Users\akhil\Downloads\sts-4.16.0.RELEASE\plugins\org.eclipse.justj.openjdk.hotspot.jre.full.win32.x86_64_17.0.4.v20220903-1038\jre\bin\java.dll
0x00007ffccca20000 - 0x00007ffccca38000 	C:\Users\akhil\Downloads\sts-4.16.0.RELEASE\plugins\org.eclipse.justj.openjdk.hotspot.jre.full.win32.x86_64_17.0.4.v20220903-1038\jre\bin\zip.dll
0x00007ffcd6290000 - 0x00007ffcd6a48000 	C:\WINDOWS\System32\SHELL32.dll
0x00007ffcd3420000 - 0x00007ffcd3c88000 	C:\WINDOWS\SYSTEM32\windows.storage.dll
0x00007ffcd7540000 - 0x00007ffcd78b9000 	C:\WINDOWS\System32\combase.dll
0x00007ffcd32b0000 - 0x00007ffcd3416000 	C:\WINDOWS\SYSTEM32\wintypes.dll
0x00007ffcd6b40000 - 0x00007ffcd6c2a000 	C:\WINDOWS\System32\SHCORE.dll
0x00007ffcd7380000 - 0x00007ffcd73dd000 	C:\WINDOWS\System32\shlwapi.dll
0x00007ffcd5230000 - 0x00007ffcd5251000 	C:\WINDOWS\SYSTEM32\profapi.dll
0x00007ffcbbf90000 - 0x00007ffcbbfa9000 	C:\Users\akhil\Downloads\sts-4.16.0.RELEASE\plugins\org.eclipse.justj.openjdk.hotspot.jre.full.win32.x86_64_17.0.4.v20220903-1038\jre\bin\net.dll
0x00007ffccf2d0000 - 0x00007ffccf3dc000 	C:\WINDOWS\SYSTEM32\WINHTTP.dll
0x00007ffcd4820000 - 0x00007ffcd4887000 	C:\WINDOWS\system32\mswsock.dll
0x00007ffcba020000 - 0x00007ffcba035000 	C:\Users\akhil\Downloads\sts-4.16.0.RELEASE\plugins\org.eclipse.justj.openjdk.hotspot.jre.full.win32.x86_64_17.0.4.v20220903-1038\jre\bin\nio.dll
0x00007ffcca660000 - 0x00007ffcca669000 	C:\Users\akhil\Downloads\sts-4.16.0.RELEASE\plugins\org.eclipse.justj.openjdk.hotspot.jre.full.win32.x86_64_17.0.4.v20220903-1038\jre\bin\management.dll
0x00007ffcbfd90000 - 0x00007ffcbfd9b000 	C:\Users\akhil\Downloads\sts-4.16.0.RELEASE\plugins\org.eclipse.justj.openjdk.hotspot.jre.full.win32.x86_64_17.0.4.v20220903-1038\jre\bin\management_ext.dll

dbghelp: loaded successfully - version: 4.0.5 - missing functions: none
symbol engine: initialized successfully - sym options: 0x614 - pdb path: .;C:\Users\akhil\Downloads\sts-4.16.0.RELEASE\plugins\org.eclipse.justj.openjdk.hotspot.jre.full.win32.x86_64_17.0.4.v20220903-1038\jre\bin;C:\WINDOWS\SYSTEM32;C:\WINDOWS\WinSxS\amd64_microsoft.windows.common-controls_6595b64144ccf1df_6.0.22000.120_none_9d947278b86cc467;C:\Users\akhil\Downloads\sts-4.16.0.RELEASE\plugins\org.eclipse.justj.openjdk.hotspot.jre.full.win32.x86_64_17.0.4.v20220903-1038\jre\bin\server

VM Arguments:
jvm_args: -Dcom.sun.management.jmxremote -Dcom.sun.management.jmxremote.port=49505 -Dcom.sun.management.jmxremote.authenticate=false -Dcom.sun.management.jmxremote.ssl=false -Djava.rmi.server.hostname=localhost -Dspring.jmx.enabled=true -Dspring.application.admin.enabled=true -XX:TieredStopAtLevel=1 -Dspring.boot.project.name=fleetapp -Dfile.encoding=UTF-8 -XX:+ShowCodeDetailsInExceptionMessages 
java_command: com.kindsonthegenius.fleetapp.FleetappApplication --spring.output.ansi.enabled=always
java_class_path (initial): C:\Users\akhil\Desktop\fleet app\fleetapp-master\target\classes;C:\Users\akhil\.m2\repository\org\thymeleaf\extras\thymeleaf-extras-springsecurity5\3.0.4.RELEASE\thymeleaf-extras-springsecurity5-3.0.4.RELEASE.jar;C:\Users\akhil\.m2\repository\org\slf4j\slf4j-api\1.7.29\slf4j-api-1.7.29.jar;C:\Users\akhil\.m2\repository\org\springframework\boot\spring-boot-starter-security\2.2.2.RELEASE\spring-boot-starter-security-2.2.2.RELEASE.jar;C:\Users\akhil\.m2\repository\org\springframework\boot\spring-boot-starter\2.2.2.RELEASE\spring-boot-starter-2.2.2.RELEASE.jar;C:\Users\akhil\.m2\repository\org\springframework\boot\spring-boot\2.2.2.RELEASE\spring-boot-2.2.2.RELEASE.jar;C:\Users\akhil\.m2\repository\org\springframework\boot\spring-boot-autoconfigure\2.2.2.RELEASE\spring-boot-autoconfigure-2.2.2.RELEASE.jar;C:\Users\akhil\.m2\repository\org\springframework\boot\spring-boot-starter-logging\2.2.2.RELEASE\spring-boot-starter-logging-2.2.2.RELEASE.jar;C:\Users\akhil\.m2\repository\ch\qos\logback\logback-classic\1.2.3\logback-classic-1.2.3.jar;C:\Users\akhil\.m2\repository\ch\qos\logback\logback-core\1.2.3\logback-core-1.2.3.jar;C:\Users\akhil\.m2\repository\org\apache\logging\log4j\log4j-to-slf4j\2.12.1\log4j-to-slf4j-2.12.1.jar;C:\Users\akhil\.m2\repository\org\apache\logging\log4j\log4j-api\2.12.1\log4j-api-2.12.1.jar;C:\Users\akhil\.m2\repository\org\slf4j\jul-to-slf4j\1.7.29\jul-to-slf4j-1.7.29.jar;C:\Users\akhil\.m2\repository\jakarta\annotation\jakarta.annotation-api\1.3.5\jakarta.annotation-api-1.3.5.jar;C:\Users\akhil\.m2\repository\org\yaml\snakeyaml\1.25\snakeyaml-1.25.jar;C:\Users\akhil\.m2\repository\org\springframework\spring-aop\5.2.2.RELEASE\spring-aop-5.2.2.RELEASE.jar;C:\Users\akhil\.m2\repository\org\springframework\spring-beans\5.2.2.RELEASE\spring-beans-5.2.2.RELEASE.jar;C:\Users\akhil\.m2\repository\org\springframework\security\spring-security-config\5.2.1.RELEASE\spring-security-config-5.2.1.RELEASE.jar;C:\Users\akhil\.m2\rep
Launcher Type: SUN_STANDARD

[Global flags]
     intx CICompilerCount                          = 4                                         {product} {ergonomic}
     uint ConcGCThreads                            = 2                                         {product} {ergonomic}
     uint G1ConcRefinementThreads                  = 8                                         {product} {ergonomic}
   size_t G1HeapRegionSize                         = 1048576                                   {product} {ergonomic}
    uintx GCDrainStackTargetSize                   = 64                                        {product} {ergonomic}
   size_t InitialHeapSize                          = 134217728                                 {product} {ergonomic}
     bool ManagementServer                         = true                                      {product} {command line}
   size_t MarkStackSize                            = 4194304                                   {product} {ergonomic}
   size_t MaxHeapSize                              = 2116026368                                {product} {ergonomic}
   size_t MaxNewSize                               = 1268776960                                {product} {ergonomic}
   size_t MinHeapDeltaBytes                        = 1048576                                   {product} {ergonomic}
   size_t MinHeapSize                              = 8388608                                   {product} {ergonomic}
    uintx NonProfiledCodeHeapSize                  = 0                                      {pd product} {ergonomic}
     bool ProfileInterpreter                       = false                                  {pd product} {command line}
    uintx ProfiledCodeHeapSize                     = 0                                      {pd product} {ergonomic}
     bool ShowCodeDetailsInExceptionMessages       = true                                   {manageable} {command line}
   size_t SoftMaxHeapSize                          = 2116026368                             {manageable} {ergonomic}
     intx TieredStopAtLevel                        = 1                                         {product} {command line}
     bool UseCompressedClassPointers               = true                           {product lp64_product} {ergonomic}
     bool UseCompressedOops                        = true                           {product lp64_product} {ergonomic}
     bool UseG1GC                                  = true                                      {product} {ergonomic}
     bool UseLargePagesIndividualAllocation        = false                                  {pd product} {ergonomic}

Logging:
Log output configuration:
 #0: stdout all=warning uptime,level,tags
 #1: stderr all=off uptime,level,tags

Environment Variables:
JAVA_HOME=C:\Program Files\Eclipse Adoptium\jdk-8.0.332.9-hotspot\bin
PATH=C:/Users/akhil/Downloads/sts-4.16.0.RELEASE//plugins/org.eclipse.justj.openjdk.hotspot.jre.full.win32.x86_64_17.0.4.v20220903-1038/jre/bin/server;C:/Users/akhil/Downloads/sts-4.16.0.RELEASE//plugins/org.eclipse.justj.openjdk.hotspot.jre.full.win32.x86_64_17.0.4.v20220903-1038/jre/bin;C:\Program Files\Common Files\Oracle\Java\javapath;C:\Users\akhil\AppData\Local\Programs\Python\Python39\Scripts\;C:\Users\akhil\PycharmProjects\pythonProject2\venv\Scripts;C:\Program Files\Python310\Scripts\;C:\Program Files\Python310\;C:\Users\akhil\Desktop\Scripts\;C:\Users\akhil\Desktop\;C:\Windows\System32;C:\TDM-GCC-64\bin;C:\Program Files\Java\jdk-14.0.1\bin;C:\WINDOWS\system32;C:\WINDOWS;C:\WINDOWS\System32\Wbem;C:\WINDOWS\System32\WindowsPowerShell\v1.0\;C:\WINDOWS\System32\OpenSSH\;C:\Program Files\php-8.0.7;C:\Program Files\MySQL;C:\Users\akhil\jupyter\Scripts;C:\Users\akhil\jupyter\Library\lib;C:\Users\akhil\AppData\Local\Programs\Python\Python39\;C:\Program Files\MySQL\MySQL Shell 8.0\bin\;C:\Users\akhil\AppData\Roaming\.anaconda\navigator\.anaconda\navigator\scripts;C:\Program Files\JetBrains\PyCharm Community Edition 2021.3.1\bin;;C:\Program Files\Git\bin\;C:\Program Files\Git\cmd\;C:\Program Files\Java\jdk-17.0.4\bin;;C:\Users\akhil\Downloads\sts-4.16.0.RELEASE;
USERNAME=akhil
OS=Windows_NT
PROCESSOR_IDENTIFIER=Intel64 Family 6 Model 142 Stepping 12, GenuineIntel
TMP=C:\Users\akhil\AppData\Local\Temp
TEMP=C:\Users\akhil\AppData\Local\Temp



---------------  S Y S T E M  ---------------

OS:
 Windows 11 , 64 bit Build 22000 (10.0.22000.708)
OS uptime: 1 days 9:19 hours

CPU: total 8 (initial active 8) (4 cores per cpu, 2 threads per core) family 6 model 142 stepping 12 microcode 0xde, cx8, cmov, fxsr, ht, mmx, 3dnowpref, sse, sse2, sse3, ssse3, sse4.1, sse4.2, popcnt, lzcnt, tsc, tscinvbit, avx, avx2, aes, erms, clmul, bmi1, bmi2, adx, fma, vzeroupper, clflush, clflushopt

Memory: 4k page, system-wide physical 8070M (463M free)
TotalPageFile size 10070M (AvailPageFile size 2M)
current process WorkingSet (physical memory assigned to process): 41M, peak: 41M
current process commit charge ("private bytes"): 205M, peak: 205M

vm_info: OpenJDK 64-Bit Server VM (17.0.4.1+1) for windows-amd64 JRE (17.0.4.1+1), built on Aug 17 2022 07:42:43 by "temurin" with MS VC++ 16.7 (VS2019)

END.
